2017-02-22 16:33:07 [127.0.0.1][-][69ef907b0fc9d1d6b474051e95dae7a8][error][yii\web\HttpException:404] yii\base\InvalidRouteException: Unable to resolve the request "PhpStorm-01b04445-4de5-4739-b077-78383154aeeb.php". in /Applications/MAMP/htdocs/codigo_base/basic/_protected/vendor/yiisoft/yii2/base/Module.php:532
Stack trace:
#0 /Applications/MAMP/htdocs/codigo_base/basic/_protected/vendor/yiisoft/yii2/web/Application.php(102): yii\base\Module->runAction('PhpStorm-01b044...', Array)
#1 /Applications/MAMP/htdocs/codigo_base/basic/_protected/vendor/yiisoft/yii2/base/Application.php(380): yii\web\Application->handleRequest(Object(yii\web\Request))
#2 /Applications/MAMP/htdocs/codigo_base/basic/index.php(12): yii\base\Application->run()
#3 {main}

Next yii\web\NotFoundHttpException: Page not found. in /Applications/MAMP/htdocs/codigo_base/basic/_protected/vendor/yiisoft/yii2/web/Application.php:114
Stack trace:
#0 /Applications/MAMP/htdocs/codigo_base/basic/_protected/vendor/yiisoft/yii2/base/Application.php(380): yii\web\Application->handleRequest(Object(yii\web\Request))
#1 /Applications/MAMP/htdocs/codigo_base/basic/index.php(12): yii\base\Application->run()
#2 {main}
2017-02-22 16:33:07 [127.0.0.1][-][69ef907b0fc9d1d6b474051e95dae7a8][info][application] $_COOKIE = [
    '$Version' => '0'
    'PHPSESSID' => '69ef907b0fc9d1d6b474051e95dae7a8'
    '$Path' => '/, $Version=0'
    '_csrf' => '0aed83f0d8163d5509bf1296f9c6f94d22d420f13deb3a5ae08fa4e39ddcec16a:2:{i:0;s:5:\"_csrf\";i:1;s:32:\"2wSvYbkvdkWWHSij1H9_sOFRtjgP8o_A\";}'
]

$_SESSION = [
    '__flash' => []
]

$_SERVER = [
    'REDIRECT_APPLICATION_ENV' => 'production'
    'REDIRECT_STATUS' => '200'
    'APPLICATION_ENV' => 'production'
    'HTTP_USER_AGENT' => 'Jakarta-Commons-VFS'
    'HTTP_HOST' => 'local.codigo_base.com'
    'HTTP_COOKIE' => '$Version=0; PHPSESSID=69ef907b0fc9d1d6b474051e95dae7a8; $Path=/, $Version=0; _csrf=0aed83f0d8163d5509bf1296f9c6f94d22d420f13deb3a5ae08fa4e39ddcec16a%3A2%3A%7Bi%3A0%3Bs%3A5%3A%22_csrf%22%3Bi%3A1%3Bs%3A32%3A%222wSvYbkvdkWWHSij1H9_sOFRtjgP8o_A%22%3B%7D; $Path=/'
    'PATH' => '/usr/bin:/bin:/usr/sbin:/sbin'
    'SERVER_SIGNATURE' => ''
    'SERVER_SOFTWARE' => 'Apache/2.2.29 (Unix) mod_wsgi/3.5 Python/2.7.10 PHP/7.0.8 mod_ssl/2.2.29 OpenSSL/0.9.8zh DAV/2 mod_fastcgi/2.4.6 mod_perl/2.0.9 Perl/v5.22.0'
    'SERVER_NAME' => 'local.codigo_base.com'
    'SERVER_ADDR' => '127.0.0.1'
    'SERVER_PORT' => '80'
    'REMOTE_ADDR' => '127.0.0.1'
    'DOCUMENT_ROOT' => '/Applications/MAMP/htdocs/codigo_base/basic'
    'SERVER_ADMIN' => 'belen@onedeveloper.net'
    'SCRIPT_FILENAME' => '/Applications/MAMP/htdocs/codigo_base/basic/index.php'
    'REMOTE_PORT' => '64730'
    'REDIRECT_URL' => '/PhpStorm-01b04445-4de5-4739-b077-78383154aeeb.php'
    'GATEWAY_INTERFACE' => 'CGI/1.1'
    'SERVER_PROTOCOL' => 'HTTP/1.1'
    'REQUEST_METHOD' => 'HEAD'
    'QUERY_STRING' => ''
    'REQUEST_URI' => '/PhpStorm-01b04445-4de5-4739-b077-78383154aeeb.php'
    'SCRIPT_NAME' => '/index.php'
    'PHP_SELF' => '/index.php'
    'REQUEST_TIME_FLOAT' => 1487777587.05
    'REQUEST_TIME' => 1487777587
    'argv' => []
    'argc' => 0
]
